<?xml version="1.0" encoding="UTF-8"?>
<testng-results ignored="0" total="1" passed="1" failed="0" skipped="0">
  <reporter-output>
  </reporter-output>
  <suite started-at="2019-09-18T14:13:58Z" name="Default suite" finished-at="2019-09-18T14:17:05Z" duration-ms="186549">
    <groups>
    </groups>
    <test started-at="2019-09-18T14:13:58Z" name="Default test" finished-at="2019-09-18T14:17:05Z" duration-ms="186549">
      <class name="com.atmecs.practo.testscript.BookingDoctorAppointment">
        <test-method is-config="true" signature="startReport()[pri:0, instance:com.atmecs.practo.testscript.BookingDoctorAppointment@6b4a4e18]" started-at="2019-09-18T14:13:58Z" name="startReport" finished-at="2019-09-18T14:13:58Z" duration-ms="566" status="PASS">
          <reporter-output>
          </reporter-output>
        </test-method> <!-- startReport -->
        <test-method is-config="true" signature="setup()[pri:0, instance:com.atmecs.practo.testscript.BookingDoctorAppointment@6b4a4e18]" started-at="2019-09-18T14:13:58Z" name="setup" finished-at="2019-09-18T14:16:03Z" duration-ms="125145" status="PASS">
          <reporter-output>
          </reporter-output>
        </test-method> <!-- setup -->
        <test-method signature="findAndBooking(java.lang.String, java.lang.String)[pri:0, instance:com.atmecs.practo.testscript.BookingDoctorAppointment@6b4a4e18]" started-at="2019-09-18T14:16:12Z" name="findAndBooking" data-provider="bookingDetails" finished-at="2019-09-18T14:17:04Z" duration-ms="51840" status="PASS">
          <params>
            <param index="0">
              <value>
                <![CDATA[chennai]]>
              </value>
            </param>
            <param index="1">
              <value>
                <![CDATA[Dentist]]>
              </value>
            </param>
          </params>
          <reporter-output>
          </reporter-output>
        </test-method> <!-- findAndBooking -->
        <test-method is-config="true" signature="tearDown(org.testng.ITestResult)[pri:0, instance:com.atmecs.practo.testscript.BookingDoctorAppointment@6b4a4e18]" started-at="2019-09-18T14:17:04Z" name="tearDown" finished-at="2019-09-18T14:17:05Z" duration-ms="1068" status="PASS">
          <params>
            <param index="0">
              <value>
                <![CDATA[[TestResult name=findAndBooking status=SUCCESS method=BookingDoctorAppointment.findAndBooking(java.lang.String, java.lang.String)[pri:0, instance:com.atmecs.practo.testscript.BookingDoctorAppointment@6b4a4e18] output={null}]]]>
              </value>
            </param>
          </params>
          <reporter-output>
          </reporter-output>
        </test-method> <!-- tearDown -->
        <test-method is-config="true" signature="endReport()[pri:0, instance:com.atmecs.practo.testscript.BookingDoctorAppointment@6b4a4e18]" started-at="2019-09-18T14:17:05Z" name="endReport" finished-at="2019-09-18T14:17:10Z" duration-ms="4219" status="PASS">
          <reporter-output>
          </reporter-output>
        </test-method> <!-- endReport -->
      </class> <!-- com.atmecs.practo.testscript.BookingDoctorAppointment -->
    </test> <!-- Default test -->
  </suite> <!-- Default suite -->
</testng-results>
