<?xml version="1.0" encoding="UTF-8"?>
<testng-results ignored="0" total="1" passed="1" failed="0" skipped="0">
  <reporter-output>
  </reporter-output>
  <suite started-at="2019-09-13T15:11:20Z" name="Default suite" finished-at="2019-09-13T15:12:22Z" duration-ms="61932">
    <groups>
    </groups>
    <test started-at="2019-09-13T15:11:20Z" name="Default test" finished-at="2019-09-13T15:12:22Z" duration-ms="61932">
      <class name="com.atmecs.practo.testscript.BookingDoctorAppointment">
        <test-method is-config="true" signature="setup()[pri:0, instance:com.atmecs.practo.testscript.BookingDoctorAppointment@6ab7a896]" started-at="2019-09-13T15:11:20Z" name="setup" finished-at="2019-09-13T15:11:44Z" duration-ms="23215" status="PASS">
          <reporter-output>
          </reporter-output>
        </test-method> <!-- setup -->
        <test-method signature="findAndBooking(java.lang.String, java.lang.String)[pri:0, instance:com.atmecs.practo.testscript.BookingDoctorAppointment@6ab7a896]" started-at="2019-09-13T15:11:47Z" name="findAndBooking" data-provider="bookingDetails" finished-at="2019-09-13T15:12:21Z" duration-ms="33876" status="PASS">
          <params>
            <param index="0">
              <value>
                <![CDATA[chennai]]>
              </value>
            </param>
            <param index="1">
              <value>
                <![CDATA[Dentist]]>
              </value>
            </param>
          </params>
          <reporter-output>
          </reporter-output>
        </test-method> <!-- findAndBooking -->
        <test-method is-config="true" signature="close()[pri:0, instance:com.atmecs.practo.testscript.BookingDoctorAppointment@6ab7a896]" started-at="2019-09-13T15:12:21Z" name="close" finished-at="2019-09-13T15:12:22Z" duration-ms="1360" status="PASS">
          <reporter-output>
          </reporter-output>
        </test-method> <!-- close -->
      </class> <!-- com.atmecs.practo.testscript.BookingDoctorAppointment -->
    </test> <!-- Default test -->
  </suite> <!-- Default suite -->
</testng-results>
